<?xml version="1.0" encoding="UTF-8"?>
<testsuite name="ridethebus.scoring.ScoringStrategyTest" tests="5" skipped="0" failures="0" errors="0" timestamp="2026-04-24T23:02:42.336Z" hostname="ZENSTER" time="0.012">
  <properties/>
  <testcase name="strategiesCanBeSwapped()" classname="ridethebus.scoring.ScoringStrategyTest" time="0.002"/>
  <testcase name="familySuitGuessCostsFourPoints()" classname="ridethebus.scoring.ScoringStrategyTest" time="0.002"/>
  <testcase name="familyStrategyHasHigherBusPenaltyThanAdult()" classname="ridethebus.scoring.ScoringStrategyTest" time="0.001"/>
  <testcase name="adultWrongSuitIsFourDrinks()" classname="ridethebus.scoring.ScoringStrategyTest" time="0.002"/>
  <testcase name="adultWrongColorIsOneDrink()" classname="ridethebus.scoring.ScoringStrategyTest" time="0.002"/>
  <system-out><![CDATA[]]></system-out>
  <system-err><![CDATA[]]></system-err>
</testsuite>
