<?xml version="1.0" encoding="UTF-8"?>
<testsuite name="ridethebus.rounds.GuessingRoundTest" tests="7" skipped="0" failures="0" errors="0" timestamp="2026-04-24T23:02:42.298Z" hostname="ZENSTER" time="0.03">
  <properties/>
  <testcase name="higherGuessCorrectForHigherCard()" classname="ridethebus.rounds.GuessingRoundTest" time="0.002"/>
  <testcase name="roundIsCompleteAfterFourQuestions()" classname="ridethebus.rounds.GuessingRoundTest" time="0.008"/>
  <testcase name="insideGuessCorrectWhenCardIsInRange()" classname="ridethebus.rounds.GuessingRoundTest" time="0.002"/>
  <testcase name="suitGuessCorrectForMatchingSuit()" classname="ridethebus.rounds.GuessingRoundTest" time="0.005"/>
  <testcase name="wrongColorPenaltyDiffersBasedOnStrategy()" classname="ridethebus.rounds.GuessingRoundTest" time="0.002"/>
  <testcase name="correctColorGuessAddsNoPoints()" classname="ridethebus.rounds.GuessingRoundTest" time="0.001"/>
  <testcase name="wrongColorGuessAddsPoints()" classname="ridethebus.rounds.GuessingRoundTest" time="0.002"/>
  <system-out><![CDATA[]]></system-out>
  <system-err><![CDATA[]]></system-err>
</testsuite>
