<?xml version="1.0" encoding="UTF-8"?>
<testsuite name="ridethebus.rounds.BusRoundTest" tests="7" skipped="0" failures="0" errors="0" timestamp="2026-04-24T23:02:42.260Z" hostname="ZENSTER" time="0.031">
  <properties/>
  <testcase name="roundCompletesAfterFourCorrectGuesses()" classname="ridethebus.rounds.BusRoundTest" time="0.008"/>
  <testcase name="wrongGuessResetsSequence()" classname="ridethebus.rounds.BusRoundTest" time="0.002"/>
  <testcase name="busRoundStartsAtQuestionZero()" classname="ridethebus.rounds.BusRoundTest" time="0.004"/>
  <testcase name="correctGuessAdvancesQuestion()" classname="ridethebus.rounds.BusRoundTest" time="0.001"/>
  <testcase name="riderIsCorrectlyIdentified()" classname="ridethebus.rounds.BusRoundTest" time="0.001"/>
  <testcase name="wrongGuessAddsPoints()" classname="ridethebus.rounds.BusRoundTest" time="0.0"/>
  <testcase name="totalAttemptsTrackedCorrectly()" classname="ridethebus.rounds.BusRoundTest" time="0.001"/>
  <system-out><![CDATA[]]></system-out>
  <system-err><![CDATA[]]></system-err>
</testsuite>
