<?xml version="1.0" encoding="UTF-8"?>
<testsuite name="ridethebus.cards.CardTest" tests="4" skipped="0" failures="0" errors="0" timestamp="2026-04-24T23:02:42.204Z" hostname="ZENSTER" time="0.018">
  <properties/>
  <testcase name="blackCardReturnsBlackColor()" classname="ridethebus.cards.CardTest" time="0.001"/>
  <testcase name="aceDisplaysCorrectly()" classname="ridethebus.cards.CardTest" time="0.009"/>
  <testcase name="redCardReturnsRedColor()" classname="ridethebus.cards.CardTest" time="0.002"/>
  <testcase name="faceCardsDisplayCorrectly()" classname="ridethebus.cards.CardTest" time="0.001"/>
  <system-out><![CDATA[]]></system-out>
  <system-err><![CDATA[]]></system-err>
</testsuite>
