<?xml version="1.0" encoding="UTF-8"?>
<testsuite name="ridethebus.game.GameTest" tests="7" skipped="0" failures="2" errors="0" timestamp="2026-04-24T23:02:42.069Z" hostname="ZENSTER" time="0.124">
  <properties/>
  <testcase name="gameStartsWithNoPlayers()" classname="ridethebus.game.GameTest" time="0.052"/>
  <testcase name="gameCannotStartWithNoPlayers()" classname="ridethebus.game.GameTest" time="0.006"/>
  <testcase name="addingPlayerIncreasesPlayerCount()" classname="ridethebus.game.GameTest" time="0.009"/>
  <testcase name="winnerIsPlayerWithLowestScore()" classname="ridethebus.game.GameTest" time="0.031">
    <failure message="org.opentest4j.AssertionFailedError: expected: &lt;Bob&gt; but was: &lt;Charlie&gt;" type="org.opentest4j.AssertionFailedError">org.opentest4j.AssertionFailedError: expected: &lt;Bob&gt; but was: &lt;Charlie&gt;
	at app//org.junit.jupiter.api.AssertionFailureBuilder.build(AssertionFailureBuilder.java:151)
	at app//org.junit.jupiter.api.AssertionFailureBuilder.buildAndThrow(AssertionFailureBuilder.java:132)
	at app//org.junit.jupiter.api.AssertEquals.failNotEqual(AssertEquals.java:197)
	at app//org.junit.jupiter.api.AssertEquals.assertEquals(AssertEquals.java:182)
	at app//org.junit.jupiter.api.AssertEquals.assertEquals(AssertEquals.java:177)
	at app//org.junit.jupiter.api.Assertions.assertEquals(Assertions.java:1145)
	at app//ridethebus.game.GameTest.winnerIsPlayerWithLowestScore(GameTest.java:55)
	at java.base@25.0.1/java.lang.reflect.Method.invoke(Method.java:565)
	at java.base@25.0.1/java.util.ArrayList.forEach(ArrayList.java:1604)
	at java.base@25.0.1/java.util.ArrayList.forEach(ArrayList.java:1604)
</failure>
  </testcase>
  <testcase name="gameIsNotOverOnCreation()" classname="ridethebus.game.GameTest" time="0.004"/>
  <testcase name="highestScorerIsCorrectlyIdentified()" classname="ridethebus.game.GameTest" time="0.002"/>
  <testcase name="gameAcceptsDifferentScoringStrategies()" classname="ridethebus.game.GameTest" time="0.008">
    <failure message="org.opentest4j.AssertionFailedError: expected: not equal but was: &lt;4&gt;" type="org.opentest4j.AssertionFailedError">org.opentest4j.AssertionFailedError: expected: not equal but was: &lt;4&gt;
	at app//org.junit.jupiter.api.AssertionFailureBuilder.build(AssertionFailureBuilder.java:152)
	at app//org.junit.jupiter.api.AssertionFailureBuilder.buildAndThrow(AssertionFailureBuilder.java:132)
	at app//org.junit.jupiter.api.AssertNotEquals.failEqual(AssertNotEquals.java:277)
	at app//org.junit.jupiter.api.AssertNotEquals.assertNotEquals(AssertNotEquals.java:94)
	at app//org.junit.jupiter.api.AssertNotEquals.assertNotEquals(AssertNotEquals.java:86)
	at app//org.junit.jupiter.api.Assertions.assertNotEquals(Assertions.java:1981)
	at app//ridethebus.game.GameTest.gameAcceptsDifferentScoringStrategies(GameTest.java:67)
	at java.base@25.0.1/java.lang.reflect.Method.invoke(Method.java:565)
	at java.base@25.0.1/java.util.ArrayList.forEach(ArrayList.java:1604)
	at java.base@25.0.1/java.util.ArrayList.forEach(ArrayList.java:1604)
</failure>
  </testcase>
  <system-out><![CDATA[]]></system-out>
  <system-err><![CDATA[]]></system-err>
</testsuite>
