<?xml version="1.0" encoding="UTF-8"?>
<testsuite name="ridethebus.cards.DeckTest" tests="5" skipped="0" failures="0" errors="0" timestamp="2026-04-24T23:02:42.226Z" hostname="ZENSTER" time="0.025">
  <properties/>
  <testcase name="factoryCreatesStandardDeck()" classname="ridethebus.cards.DeckTest" time="0.002"/>
  <testcase name="dealingReducesDeckSizeByOne()" classname="ridethebus.cards.DeckTest" time="0.006"/>
  <testcase name="dealingHandReducesDeckByHandSize()" classname="ridethebus.cards.DeckTest" time="0.002"/>
  <testcase name="dealingFromEmptyDeckThrowsException()" classname="ridethebus.cards.DeckTest" time="0.005"/>
  <testcase name="freshDeckHas52Cards()" classname="ridethebus.cards.DeckTest" time="0.002"/>
  <system-out><![CDATA[]]></system-out>
  <system-err><![CDATA[]]></system-err>
</testsuite>
